\BOOKMARK [0][-]{chapter.1}{Introduction}{}% 1
\BOOKMARK [1][-]{section.1.1}{Brain Fiber Pathways}{chapter.1}% 2
\BOOKMARK [2][-]{subsection.1.1.1}{From Thesis}{section.1.1}% 3
\BOOKMARK [1][-]{section.1.2}{Registration}{chapter.1}% 4
\BOOKMARK [2][-]{subsection.1.2.1}{Iterative closest point \(ICP\)}{section.1.2}% 5
\BOOKMARK [2][-]{subsection.1.2.2}{PCA Transformation}{section.1.2}% 6
\BOOKMARK [2][-]{subsection.1.2.3}{Clustering}{section.1.2}% 7
\BOOKMARK [2][-]{subsection.1.2.4}{Distance Functions}{section.1.2}% 8
\BOOKMARK [0][-]{chapter.2}{Introduction}{}% 9
\BOOKMARK [1][-]{section.2.1}{Brain Fiber Pathways}{chapter.2}% 10
\BOOKMARK [2][-]{subsection.2.1.1}{From Thesis}{section.2.1}% 11
\BOOKMARK [1][-]{section.2.2}{Diffusion MRI and tractography}{chapter.2}% 12
\BOOKMARK [1][-]{section.2.3}{Registration}{chapter.2}% 13
\BOOKMARK [2][-]{subsection.2.3.1}{Iterative closest point \(ICP\)}{section.2.3}% 14
\BOOKMARK [2][-]{subsection.2.3.2}{PCA Transformation}{section.2.3}% 15
\BOOKMARK [2][-]{subsection.2.3.3}{Clustering}{section.2.3}% 16
\BOOKMARK [2][-]{subsection.2.3.4}{Distance Functions}{section.2.3}% 17
\BOOKMARK [0][-]{chapter.3}{Method}{}% 18
\BOOKMARK [1][-]{section.3.1}{Setup}{chapter.3}% 19
\BOOKMARK [1][-]{section.3.2}{Preparation Steps}{chapter.3}% 20
\BOOKMARK [1][-]{section.3.3}{Finding The Affine Transformation}{chapter.3}% 21
\BOOKMARK [2][-]{subsection.3.3.1}{Cost Function}{section.3.3}% 22
\BOOKMARK [2][-]{subsection.3.3.2}{Optimizing the Cost Function}{section.3.3}% 23
\BOOKMARK [0][-]{chapter.4}{Result}{}% 24
\BOOKMARK [0][-]{chapter.5}{Conclusion}{}% 25
